Using pre-set license
Built from '2021.3/staging' branch; Version is '2021.3.23f1 (213b516bf396) revision 2177873'; Using compiler version '192829333'; Build Type 'Release'
OS: 'Windows 10  (10.0.19045) 64bit Professional' Language: 'en' Physical Memory: 8036 MB
BatchMode: 1, IsHumanControllingUs: 0, StartBugReporterOnCrash: 0, Is64bit: 1, IsPro: 1

COMMAND LINE ARGUMENTS:
E:\Unity 2021.3.23f1\Editor\Unity.exe
-adb2
-batchMode
-noUpm
-name
AssetImportWorker0
-projectPath
E:/Race Car Track
-logFile
Logs/AssetImportWorker0.log
-srvPort
50742
Successfully changed project path to: E:/Race Car Track
E:/Race Car Track
[UnityMemory] Configuration Parameters - Can be set up in boot.config
    "memorysetup-bucket-allocator-granularity=16"
    "memorysetup-bucket-allocator-bucket-count=8"
    "memorysetup-bucket-allocator-block-size=33554432"
    "memorysetup-bucket-allocator-block-count=8"
    "memorysetup-main-allocator-block-size=16777216"
    "memorysetup-thread-allocator-block-size=16777216"
    "memorysetup-gfx-main-allocator-block-size=16777216"
    "memorysetup-gfx-thread-allocator-block-size=16777216"
    "memorysetup-cache-allocator-block-size=4194304"
    "memorysetup-typetree-allocator-block-size=2097152"
    "memorysetup-profiler-bucket-allocator-granularity=16"
    "memorysetup-profiler-bucket-allocator-bucket-count=8"
    "memorysetup-profiler-bucket-allocator-block-size=33554432"
    "memorysetup-profiler-bucket-allocator-block-count=8"
    "memorysetup-profiler-allocator-block-size=16777216"
    "memorysetup-profiler-editor-allocator-block-size=1048576"
    "memorysetup-temp-allocator-size-main=16777216"
    "memorysetup-job-temp-allocator-block-size=2097152"
    "memorysetup-job-temp-allocator-block-size-background=1048576"
    "memorysetup-job-temp-allocator-reduction-small-platforms=262144"
    "memorysetup-temp-allocator-size-background-worker=32768"
    "memorysetup-temp-allocator-size-job-worker=262144"
    "memorysetup-temp-allocator-size-preload-manager=33554432"
    "memorysetup-temp-allocator-size-nav-mesh-worker=65536"
    "memorysetup-temp-allocator-size-audio-worker=65536"
    "memorysetup-temp-allocator-size-cloud-worker=32768"
    "memorysetup-temp-allocator-size-gi-baking-worker=262144"
    "memorysetup-temp-allocator-size-gfx=262144"
Player connection [9052] Host "[IP] 0.0.0.0 [Port] 0 [Flags] 2 [Guid] 1006272343 [EditorId] 1006272343 [Version] 1048832 [Id] WindowsEditor(7,DESKTOP-OQVLOJO) [Debug] 1 [PackageName] WindowsEditor [ProjectName] Editor" joined multi-casting on [225.0.0.222:54997]...

Player connection [9052] Host "[IP] 0.0.0.0 [Port] 0 [Flags] 2 [Guid] 1006272343 [EditorId] 1006272343 [Version] 1048832 [Id] WindowsEditor(7,DESKTOP-OQVLOJO) [Debug] 1 [PackageName] WindowsEditor [ProjectName] Editor" joined alternative multi-casting on [225.0.0.222:34997]...

Refreshing native plugins compatible for Editor in 112.69 ms, found 3 plugins.
Preloading 0 native plugins for Editor in 0.00 ms.
Initialize engine version: 2021.3.23f1 (213b516bf396)
[Subsystems] Discovering subsystems at path E:/Unity 2021.3.23f1/Editor/Data/Resources/UnitySubsystems
[Subsystems] Discovering subsystems at path E:/Race Car Track/Assets
GfxDevice: creating device client; threaded=0; jobified=0
Direct3D:
    Version:  Direct3D 11.0 [level 11.1]
    Renderer: NVIDIA GeForce GTX 1050 (ID=0x1c92)
    Vendor:   NVIDIA
    VRAM:     4021 MB
    Driver:   31.0.15.1694
Initialize mono
Mono path[0] = 'E:/Unity 2021.3.23f1/Editor/Data/Managed'
Mono path[1] = 'E:/Unity 2021.3.23f1/Editor/Data/MonoBleedingEdge/lib/mono/unityjit-win32'
Mono config path = 'E:/Unity 2021.3.23f1/Editor/Data/MonoBleedingEdge/etc'
Using monoOptions --debugger-agent=transport=dt_socket,embedding=1,server=y,suspend=n,address=127.0.0.1:56536
Begin MonoManager ReloadAssembly
Registering precompiled unity dll's ...
Register platform support module: E:/Unity 2021.3.23f1/Editor/Data/PlaybackEngines/AndroidPlayer/UnityEditor.Android.Extensions.dll
Register platform support module: E:/Unity 2021.3.23f1/Editor/Data/PlaybackEngines/WindowsStandaloneSupport/UnityEditor.WindowsStandalone.Extensions.dll
Registered in 0.002888 seconds.
Native extension for WindowsStandalone target not found
Native extension for Android target not found
Android Extension - Scanning For ADB Devices 10135 ms
Refreshing native plugins compatible for Editor in 104.70 ms, found 3 plugins.
Preloading 0 native plugins for Editor in 0.00 ms.
Mono: successfully reloaded assembly
- Completed reload, in 11.213 seconds
Domain Reload Profiling:
	ReloadAssembly (11214ms)
		BeginReloadAssembly (379ms)
			ExecutionOrderSort (0ms)
			DisableScriptedObjects (0ms)
			BackupInstance (0ms)
			ReleaseScriptingObjects (0ms)
			CreateAndSetChildDomain (1ms)
		EndReloadAssembly (10740ms)
			LoadAssemblies (379ms)
			RebuildTransferFunctionScriptingTraits (0ms)
			SetupTypeCache (125ms)
			ReleaseScriptCaches (0ms)
			RebuildScriptCaches (35ms)
			SetupLoadedEditorAssemblies (10523ms)
				LogAssemblyErrors (0ms)
				InitializePlatformSupportModulesInManaged (10201ms)
				SetLoadedEditorAssemblies (0ms)
				RefreshPlugins (105ms)
				BeforeProcessingInitializeOnLoad (2ms)
				ProcessInitializeOnLoadAttributes (148ms)
				ProcessInitializeOnLoadMethodAttributes (68ms)
				AfterProcessingInitializeOnLoad (0ms)
				EditorAssembliesLoaded (0ms)
			ExecutionOrderSort2 (0ms)
			AwakeInstancesAfterBackupRestoration (0ms)
Platform modules already initialized, skipping
Registering precompiled user dll's ...
Registered in 0.005078 seconds.
Begin MonoManager ReloadAssembly
Symbol file LoadedFromMemory doesn't match image E:\Race Car Track\Library\PackageCache\com.unity.visualscripting@1.8.0\Editor\VisualScripting.Core\Dependencies\YamlDotNet\Unity.VisualScripting.YamlDotNet.dll
Symbol file LoadedFromMemory doesn't match image E:\Race Car Track\Library\PackageCache\com.unity.visualscripting@1.8.0\Editor\VisualScripting.Core\Dependencies\DotNetZip\Unity.VisualScripting.IonicZip.dll
Native extension for WindowsStandalone target not found
Native extension for Android target not found
Refreshing native plugins compatible for Editor in 1.06 ms, found 3 plugins.
Preloading 0 native plugins for Editor in 0.00 ms.
Mono: successfully reloaded assembly
- Completed reload, in  2.242 seconds
Domain Reload Profiling:
	ReloadAssembly (2244ms)
		BeginReloadAssembly (255ms)
			ExecutionOrderSort (0ms)
			DisableScriptedObjects (13ms)
			BackupInstance (0ms)
			ReleaseScriptingObjects (0ms)
			CreateAndSetChildDomain (44ms)
		EndReloadAssembly (1768ms)
			LoadAssemblies (201ms)
			RebuildTransferFunctionScriptingTraits (0ms)
			SetupTypeCache (623ms)
			ReleaseScriptCaches (1ms)
			RebuildScriptCaches (127ms)
			SetupLoadedEditorAssemblies (757ms)
				LogAssemblyErrors (0ms)
				InitializePlatformSupportModulesInManaged (33ms)
				SetLoadedEditorAssemblies (1ms)
				RefreshPlugins (1ms)
				BeforeProcessingInitializeOnLoad (154ms)
				ProcessInitializeOnLoadAttributes (518ms)
				ProcessInitializeOnLoadMethodAttributes (44ms)
				AfterProcessingInitializeOnLoad (6ms)
				EditorAssembliesLoaded (0ms)
			ExecutionOrderSort2 (0ms)
			AwakeInstancesAfterBackupRestoration (15ms)
Platform modules already initialized, skipping
========================================================================
Worker process is ready to serve import requests
Launched and connected shader compiler UnityShaderCompiler.exe after 1.24 seconds
Refreshing native plugins compatible for Editor in 1.60 ms, found 3 plugins.
Preloading 0 native plugins for Editor in 0.00 ms.
Unloading 3272 Unused Serialized files (Serialized files now loaded: 0)
Unloading 38 unused Assets / (52.6 MB). Loaded Objects now: 3761.
Memory consumption went from 136.5 MB to 83.9 MB.
Total: 10.136500 ms (FindLiveObjects: 0.421800 ms CreateObjectMapping: 0.497500 ms MarkObjects: 7.985800 ms  DeleteObjects: 1.221300 ms)

AssetImportParameters requested are different than current active one (requested -> active):
  custom:video-decoder-ogg-theora: a1e56fd34408186e4bbccfd4996cb3dc -> 
  custom:container-muxer-webm: aa71ff27fc2769a1b78a27578f13a17b -> 
  custom:container-demuxer-webm: 4f35f7cbe854078d1ac9338744f61a02 -> 
  custom:video-encoder-webm-vp8: eb34c28f22e8b96e1ab97ce403110664 -> 
  custom:audio-encoder-webm-vorbis: bf7c407c2cedff20999df2af8eb42d56 -> 
  custom:framework-win-MediaFoundation: 216162199b28c13a410421893ffa2e32 -> 
  custom:container-demuxer-ogg: 62fdf1f143b41e24485cea50d1cbac27 -> 
  custom:video-decoder-webm-vp8: 9c59270c3fd7afecdb556c50c9e8de78 -> 
  custom:audio-decoder-ogg-vorbis: bf7c407c2cedff20999df2af8eb42d56 -> 
========================================================================
Received Import Request.
  Time since last request: 1926821.995346 seconds.
  path: Assets/Script/New Physic Material.physicMaterial
  artifactKey: Guid(b927631cd72917f49bb68a3772692a79) Importer(815301076,1909f56bfc062723c751e8b465ee728b)
Start importing Assets/Script/New Physic Material.physicMaterial using Guid(b927631cd72917f49bb68a3772692a79) Importer(815301076,1909f56bfc062723c751e8b465ee728b)  -> (artifact id: 'c9392fc13ec7169e57f2ce070d123161') in 0.644510 seconds 
========================================================================
Received Prepare
Registering precompiled user dll's ...
Registered in 0.004137 seconds.
Begin MonoManager ReloadAssembly
Symbol file LoadedFromMemory doesn't match image E:\Race Car Track\Library\PackageCache\com.unity.visualscripting@1.8.0\Editor\VisualScripting.Core\Dependencies\YamlDotNet\Unity.VisualScripting.YamlDotNet.dll
Symbol file LoadedFromMemory doesn't match image E:\Race Car Track\Library\PackageCache\com.unity.visualscripting@1.8.0\Editor\VisualScripting.Core\Dependencies\DotNetZip\Unity.VisualScripting.IonicZip.dll
Native extension for WindowsStandalone target not found
Native extension for Android target not found
Refreshing native plugins compatible for Editor in 0.73 ms, found 3 plugins.
Preloading 0 native plugins for Editor in 0.00 ms.
Mono: successfully reloaded assembly
- Completed reload, in  2.667 seconds
Domain Reload Profiling:
	ReloadAssembly (2667ms)
		BeginReloadAssembly (476ms)
			ExecutionOrderSort (0ms)
			DisableScriptedObjects (6ms)
			BackupInstance (0ms)
			ReleaseScriptingObjects (0ms)
			CreateAndSetChildDomain (43ms)
		EndReloadAssembly (2089ms)
			LoadAssemblies (599ms)
			RebuildTransferFunctionScriptingTraits (0ms)
			SetupTypeCache (349ms)
			ReleaseScriptCaches (2ms)
			RebuildScriptCaches (67ms)
			SetupLoadedEditorAssemblies (1277ms)
				LogAssemblyErrors (0ms)
				InitializePlatformSupportModulesInManaged (20ms)
				SetLoadedEditorAssemblies (0ms)
				RefreshPlugins (1ms)
				BeforeProcessingInitializeOnLoad (69ms)
				ProcessInitializeOnLoadAttributes (1164ms)
				ProcessInitializeOnLoadMethodAttributes (19ms)
				AfterProcessingInitializeOnLoad (3ms)
				EditorAssembliesLoaded (0ms)
			ExecutionOrderSort2 (0ms)
			AwakeInstancesAfterBackupRestoration (6ms)
Platform modules already initialized, skipping
Refreshing native plugins compatible for Editor in 5.67 ms, found 3 plugins.
Preloading 0 native plugins for Editor in 0.00 ms.
Unloading 3258 Unused Serialized files (Serialized files now loaded: 0)
Unloading 19 unused Assets / (371.8 KB). Loaded Objects now: 3777.
Memory consumption went from 134.8 MB to 134.5 MB.
Total: 3.575900 ms (FindLiveObjects: 0.283600 ms CreateObjectMapping: 0.162700 ms MarkObjects: 2.916200 ms  DeleteObjects: 0.212700 ms)

AssetImportParameters requested are different than current active one (requested -> active):
  custom:video-decoder-ogg-theora: a1e56fd34408186e4bbccfd4996cb3dc -> 
  custom:container-muxer-webm: aa71ff27fc2769a1b78a27578f13a17b -> 
  custom:container-demuxer-webm: 4f35f7cbe854078d1ac9338744f61a02 -> 
  custom:video-encoder-webm-vp8: eb34c28f22e8b96e1ab97ce403110664 -> 
  custom:audio-encoder-webm-vorbis: bf7c407c2cedff20999df2af8eb42d56 -> 
  custom:framework-win-MediaFoundation: 216162199b28c13a410421893ffa2e32 -> 
  custom:container-demuxer-ogg: 62fdf1f143b41e24485cea50d1cbac27 -> 
  custom:video-decoder-webm-vp8: 9c59270c3fd7afecdb556c50c9e8de78 -> 
  custom:audio-decoder-ogg-vorbis: bf7c407c2cedff20999df2af8eb42d56 -> 
========================================================================
Received Prepare
Registering precompiled user dll's ...
Registered in 0.003824 seconds.
Begin MonoManager ReloadAssembly
Symbol file LoadedFromMemory doesn't match image E:\Race Car Track\Library\PackageCache\com.unity.visualscripting@1.8.0\Editor\VisualScripting.Core\Dependencies\YamlDotNet\Unity.VisualScripting.YamlDotNet.dll
Symbol file LoadedFromMemory doesn't match image E:\Race Car Track\Library\PackageCache\com.unity.visualscripting@1.8.0\Editor\VisualScripting.Core\Dependencies\DotNetZip\Unity.VisualScripting.IonicZip.dll
Native extension for WindowsStandalone target not found
Native extension for Android target not found
Refreshing native plugins compatible for Editor in 1.20 ms, found 3 plugins.
Preloading 0 native plugins for Editor in 0.00 ms.
Mono: successfully reloaded assembly
- Completed reload, in  4.120 seconds
Domain Reload Profiling:
	ReloadAssembly (4124ms)
		BeginReloadAssembly (700ms)
			ExecutionOrderSort (0ms)
			DisableScriptedObjects (25ms)
			BackupInstance (0ms)
			ReleaseScriptingObjects (2ms)
			CreateAndSetChildDomain (220ms)
		EndReloadAssembly (3105ms)
			LoadAssemblies (467ms)
			RebuildTransferFunctionScriptingTraits (0ms)
			SetupTypeCache (1360ms)
			ReleaseScriptCaches (2ms)
			RebuildScriptCaches (196ms)
			SetupLoadedEditorAssemblies (1058ms)
				LogAssemblyErrors (0ms)
				InitializePlatformSupportModulesInManaged (53ms)
				SetLoadedEditorAssemblies (2ms)
				RefreshPlugins (1ms)
				BeforeProcessingInitializeOnLoad (178ms)
				ProcessInitializeOnLoadAttributes (754ms)
				ProcessInitializeOnLoadMethodAttributes (64ms)
				AfterProcessingInitializeOnLoad (5ms)
				EditorAssembliesLoaded (0ms)
			ExecutionOrderSort2 (0ms)
			AwakeInstancesAfterBackupRestoration (18ms)
Platform modules already initialized, skipping
Refreshing native plugins compatible for Editor in 2.33 ms, found 3 plugins.
Preloading 0 native plugins for Editor in 0.00 ms.
Unloading 3258 Unused Serialized files (Serialized files now loaded: 0)
Unloading 19 unused Assets / (371.9 KB). Loaded Objects now: 3792.
Memory consumption went from 134.9 MB to 134.5 MB.
Total: 8.746600 ms (FindLiveObjects: 0.537100 ms CreateObjectMapping: 0.432300 ms MarkObjects: 7.268100 ms  DeleteObjects: 0.508100 ms)

AssetImportParameters requested are different than current active one (requested -> active):
  custom:video-decoder-ogg-theora: a1e56fd34408186e4bbccfd4996cb3dc -> 
  custom:container-muxer-webm: aa71ff27fc2769a1b78a27578f13a17b -> 
  custom:container-demuxer-webm: 4f35f7cbe854078d1ac9338744f61a02 -> 
  custom:video-encoder-webm-vp8: eb34c28f22e8b96e1ab97ce403110664 -> 
  custom:audio-encoder-webm-vorbis: bf7c407c2cedff20999df2af8eb42d56 -> 
  custom:framework-win-MediaFoundation: 216162199b28c13a410421893ffa2e32 -> 
  custom:container-demuxer-ogg: 62fdf1f143b41e24485cea50d1cbac27 -> 
  custom:video-decoder-webm-vp8: 9c59270c3fd7afecdb556c50c9e8de78 -> 
  custom:audio-decoder-ogg-vorbis: bf7c407c2cedff20999df2af8eb42d56 -> 
========================================================================
Received Import Request.
  Time since last request: 1897.294463 seconds.
  path: Assets/_TerrainAutoUpgrade/layer_clay_snow1852a8d559a9a7f2c.terrainlayer
  artifactKey: Guid(594fe976055960b499670a58183bf24c) Importer(815301076,1909f56bfc062723c751e8b465ee728b)
Start importing Assets/_TerrainAutoUpgrade/layer_clay_snow1852a8d559a9a7f2c.terrainlayer using Guid(594fe976055960b499670a58183bf24c) Importer(815301076,1909f56bfc062723c751e8b465ee728b)  -> (artifact id: '7c02e67f166548a89adcde5d4f4bf82f') in 0.112870 seconds 
========================================================================
Received Import Request.
  Time since last request: 0.000068 seconds.
  path: Assets/_TerrainAutoUpgrade/layer_Ground10_1dd4a3fbaecfb716c.terrainlayer
  artifactKey: Guid(023bf308e6eb4554684b929109ba8f7a) Importer(815301076,1909f56bfc062723c751e8b465ee728b)
Start importing Assets/_TerrainAutoUpgrade/layer_Ground10_1dd4a3fbaecfb716c.terrainlayer using Guid(023bf308e6eb4554684b929109ba8f7a) Importer(815301076,1909f56bfc062723c751e8b465ee728b)  -> (artifact id: 'f9ef56d66bfa276ab9ff39cd968bf4c2') in 0.018360 seconds 
========================================================================
Received Import Request.
  Time since last request: 0.000041 seconds.
  path: Assets/_TerrainAutoUpgrade/layer_GreenGrassGreenGrass_n9bddbb0c8be96f31.terrainlayer
  artifactKey: Guid(fc40478c7e0880144b9064e5a3e3c964) Importer(815301076,1909f56bfc062723c751e8b465ee728b)
Start importing Assets/_TerrainAutoUpgrade/layer_GreenGrassGreenGrass_n9bddbb0c8be96f31.terrainlayer using Guid(fc40478c7e0880144b9064e5a3e3c964) Importer(815301076,1909f56bfc062723c751e8b465ee728b)  -> (artifact id: '6b961dfc95fd645f7892b2dc0045020b') in 0.026696 seconds 
========================================================================
Received Import Request.
  Time since last request: 0.000034 seconds.
  path: Assets/_TerrainAutoUpgrade/layer_darkgrass852a8d559a9a7f2c.terrainlayer
  artifactKey: Guid(594c821fd1363ae42a86d78609e4dca6) Importer(815301076,1909f56bfc062723c751e8b465ee728b)
Start importing Assets/_TerrainAutoUpgrade/layer_darkgrass852a8d559a9a7f2c.terrainlayer using Guid(594c821fd1363ae42a86d78609e4dca6) Importer(815301076,1909f56bfc062723c751e8b465ee728b)  -> (artifact id: '39ac49c8905d7de123fa615308886cdc') in 0.019442 seconds 
========================================================================
Received Import Request.
  Time since last request: 0.000023 seconds.
  path: Assets/_TerrainAutoUpgrade/layer_Ground10_1Ground10_251ce90792845fedc.terrainlayer
  artifactKey: Guid(c394516b6f03b044b94d134e1ca39e22) Importer(815301076,1909f56bfc062723c751e8b465ee728b)
Start importing Assets/_TerrainAutoUpgrade/layer_Ground10_1Ground10_251ce90792845fedc.terrainlayer using Guid(c394516b6f03b044b94d134e1ca39e22) Importer(815301076,1909f56bfc062723c751e8b465ee728b)  -> (artifact id: '42623d7c03a7536abdf1272df2b95f14') in 0.018131 seconds 
========================================================================
Received Import Request.
  Time since last request: 0.000020 seconds.
  path: Assets/_TerrainAutoUpgrade/layer_RocksRocks_n1836cd9b5b17b16d.terrainlayer
  artifactKey: Guid(ac763ddc8c2e78541be4d0880feea090) Importer(815301076,1909f56bfc062723c751e8b465ee728b)
Start importing Assets/_TerrainAutoUpgrade/layer_RocksRocks_n1836cd9b5b17b16d.terrainlayer using Guid(ac763ddc8c2e78541be4d0880feea090) Importer(815301076,1909f56bfc062723c751e8b465ee728b)  -> (artifact id: '3a02da4b365224034d125b58e703ae0d') in 0.022246 seconds 
========================================================================
Received Import Request.
  Time since last request: 0.000069 seconds.
  path: Assets/_TerrainAutoUpgrade/layer_Road_blank256HV2dcfb47927920106.terrainlayer
  artifactKey: Guid(06e06098a0fc72f44bb5292db6317605) Importer(815301076,1909f56bfc062723c751e8b465ee728b)
Start importing Assets/_TerrainAutoUpgrade/layer_Road_blank256HV2dcfb47927920106.terrainlayer using Guid(06e06098a0fc72f44bb5292db6317605) Importer(815301076,1909f56bfc062723c751e8b465ee728b)  -> (artifact id: '9d60751a82930857812747866ec56031') in 0.021614 seconds 
========================================================================
Received Import Request.
  Time since last request: 0.000112 seconds.
  path: Assets/_TerrainAutoUpgrade/layer_GrassTex-18edf102277cc330f.terrainlayer
  artifactKey: Guid(5b9b3eb45cd63834bb9f4347e99b484e) Importer(815301076,1909f56bfc062723c751e8b465ee728b)
Start importing Assets/_TerrainAutoUpgrade/layer_GrassTex-18edf102277cc330f.terrainlayer using Guid(5b9b3eb45cd63834bb9f4347e99b484e) Importer(815301076,1909f56bfc062723c751e8b465ee728b)  -> (artifact id: '13dd7d9bfe081362981d189995de2cf0') in 0.019880 seconds 
========================================================================
Received Import Request.
  Time since last request: 0.000033 seconds.
  path: Assets/_TerrainAutoUpgrade/layer_TexturesCom_Cliffs0213_1_seamless_S (1)TexturesCom_Cliffs0213_1_seamless_N4287c3b155334cb8.terrainlayer
  artifactKey: Guid(bfa766c45e8f7f94190ea4359a0ffc4f) Importer(815301076,1909f56bfc062723c751e8b465ee728b)
Start importing Assets/_TerrainAutoUpgrade/layer_TexturesCom_Cliffs0213_1_seamless_S (1)TexturesCom_Cliffs0213_1_seamless_N4287c3b155334cb8.terrainlayer using Guid(bfa766c45e8f7f94190ea4359a0ffc4f) Importer(815301076,1909f56bfc062723c751e8b465ee728b)  -> (artifact id: 'de4245cc460fb6d01f2fc7afc101ec7e') in 0.067774 seconds 
========================================================================
Received Import Request.
  Time since last request: 0.000050 seconds.
  path: Assets/_TerrainAutoUpgrade/layer_GreenGrassGreenGrass_n31ad1e022a18849.terrainlayer
  artifactKey: Guid(d2566c32b6eae3d4086d65625cf8510e) Importer(815301076,1909f56bfc062723c751e8b465ee728b)
Start importing Assets/_TerrainAutoUpgrade/layer_GreenGrassGreenGrass_n31ad1e022a18849.terrainlayer using Guid(d2566c32b6eae3d4086d65625cf8510e) Importer(815301076,1909f56bfc062723c751e8b465ee728b)  -> (artifact id: '87324e679f58809ffc9708ac7f428a3b') in 0.044919 seconds 
========================================================================
Received Import Request.
  Time since last request: 0.000026 seconds.
  path: Assets/_TerrainAutoUpgrade/layer_YellowGrassYellowGrass_nb417d9e920b76dd4.terrainlayer
  artifactKey: Guid(d19142a8e63d1dc40a2635fa4f54691f) Importer(815301076,1909f56bfc062723c751e8b465ee728b)
Start importing Assets/_TerrainAutoUpgrade/layer_YellowGrassYellowGrass_nb417d9e920b76dd4.terrainlayer using Guid(d19142a8e63d1dc40a2635fa4f54691f) Importer(815301076,1909f56bfc062723c751e8b465ee728b)  -> (artifact id: '1969e1e30df328df62c80e3a0f37ee8a') in 0.034888 seconds 
========================================================================
Received Import Request.
  Time since last request: 0.000043 seconds.
  path: Assets/_TerrainAutoUpgrade/layer_GreenGrassGreenGrass_n9e6399e8b3ce41ff.terrainlayer
  artifactKey: Guid(3f2e904cbe4933544bf31d76863a1dec) Importer(815301076,1909f56bfc062723c751e8b465ee728b)
Start importing Assets/_TerrainAutoUpgrade/layer_GreenGrassGreenGrass_n9e6399e8b3ce41ff.terrainlayer using Guid(3f2e904cbe4933544bf31d76863a1dec) Importer(815301076,1909f56bfc062723c751e8b465ee728b)  -> (artifact id: 'bb9590892111fadae11b5b75c6eea8b9') in 0.049355 seconds 
